This is pdfTeX, Version 3.141592653-2.6-1.40.27 (TeX Live 2025) (preloaded format=pdflatex 2025.5.6)  6 MAY 2025 15:20
entering extended mode
 restricted \write18 enabled.
 %&-line parsing enabled.
**P2.tex
(./P2.tex
LaTeX2e <2024-11-01> patch level 2
L3 programming layer <2025-04-14>
(/Users/pukkalstrup/Library/TinyTeX/texmf-dist/tex/latex/base/article.cls
Document Class: article 2024/06/29 v1.4n Standard LaTeX document class
(/Users/pukkalstrup/Library/TinyTeX/texmf-dist/tex/latex/base/size10.clo
File: size10.clo 2024/06/29 v1.4n Standard LaTeX file (size option)
)
\c@part=\count272
\c@section=\count273
\c@subsection=\count274
\c@subsubsection=\count275
\c@paragraph=\count276
\c@subparagraph=\count277
\c@figure=\count278
\c@table=\count279
\abovecaptionskip=\skip49
\belowcaptionskip=\skip50
\bibindent=\dimen146
) (/Users/pukkalstrup/Library/TinyTeX/texmf-dist/tex/latex/listings/listings.sty (/Users/pukkalstrup/Library/TinyTeX/texmf-dist/tex/latex/graphics/keyval.sty
Package: keyval 2022/05/29 v1.15 key=value parser (DPC)
\KV@toks@=\toks17
)
\lst@mode=\count280
\lst@gtempboxa=\box53
\lst@token=\toks18
\lst@length=\count281
\lst@currlwidth=\dimen147
\lst@column=\count282
\lst@pos=\count283
\lst@lostspace=\dimen148
\lst@width=\dimen149
\lst@newlines=\count284
\lst@lineno=\count285
\lst@maxwidth=\dimen150
 (/Users/pukkalstrup/Library/TinyTeX/texmf-dist/tex/latex/listings/lstpatch.sty
File: lstpatch.sty 2024/09/23 1.10c (Carsten Heinz)
) (/Users/pukkalstrup/Library/TinyTeX/texmf-dist/tex/latex/listings/lstmisc.sty
File: lstmisc.sty 2024/09/23 1.10c (Carsten Heinz)
\c@lstnumber=\count286
\lst@skipnumbers=\count287
\lst@framebox=\box54
) (/Users/pukkalstrup/Library/TinyTeX/texmf-dist/tex/latex/listings/listings.cfg
File: listings.cfg 2024/09/23 1.10c listings configuration
))
Package: listings 2024/09/23 1.10c (Carsten Heinz)
 (/Users/pukkalstrup/Library/TinyTeX/texmf-dist/tex/latex/xcolor/xcolor.sty
Package: xcolor 2024/09/29 v3.02 LaTeX color extensions (UK)
 (/Users/pukkalstrup/Library/TinyTeX/texmf-dist/tex/latex/graphics-cfg/color.cfg
File: color.cfg 2016/01/02 v1.6 sample color configuration
)
Package xcolor Info: Driver file: pdftex.def on input line 274.
 (/Users/pukkalstrup/Library/TinyTeX/texmf-dist/tex/latex/graphics-def/pdftex.def
File: pdftex.def 2024/04/13 v1.2c Graphics/color driver for pdftex
) (/Users/pukkalstrup/Library/TinyTeX/texmf-dist/tex/latex/graphics/mathcolor.ltx)
Package xcolor Info: Model `cmy' substituted by `cmy0' on input line 1349.
Package xcolor Info: Model `hsb' substituted by `rgb' on input line 1353.
Package xcolor Info: Model `RGB' extended on input line 1365.
Package xcolor Info: Model `HTML' substituted by `rgb' on input line 1367.
Package xcolor Info: Model `Hsb' substituted by `hsb' on input line 1368.
Package xcolor Info: Model `tHsb' substituted by `hsb' on input line 1369.
Package xcolor Info: Model `HSB' substituted by `hsb' on input line 1370.
Package xcolor Info: Model `Gray' substituted by `gray' on input line 1371.
Package xcolor Info: Model `wave' substituted by `hsb' on input line 1372.
) (/Users/pukkalstrup/Library/TinyTeX/texmf-dist/tex/latex/graphics/graphicx.sty
Package: graphicx 2021/09/16 v1.2d Enhanced LaTeX Graphics (DPC,SPQR)
 (/Users/pukkalstrup/Library/TinyTeX/texmf-dist/tex/latex/graphics/graphics.sty
Package: graphics 2024/08/06 v1.4g Standard LaTeX Graphics (DPC,SPQR)
 (/Users/pukkalstrup/Library/TinyTeX/texmf-dist/tex/latex/graphics/trig.sty
Package: trig 2023/12/02 v1.11 sin cos tan (DPC)
) (/Users/pukkalstrup/Library/TinyTeX/texmf-dist/tex/latex/graphics-cfg/graphics.cfg
File: graphics.cfg 2016/06/04 v1.11 sample graphics configuration
)
Package graphics Info: Driver file: pdftex.def on input line 106.
)
\Gin@req@height=\dimen151
\Gin@req@width=\dimen152
) (/Users/pukkalstrup/Library/TinyTeX/texmf-dist/tex/latex/epstopdf-pkg/epstopdf.sty
Package: epstopdf 2020-01-24 v2.11 Conversion with epstopdf on the fly (HO)
 (/Users/pukkalstrup/Library/TinyTeX/texmf-dist/tex/generic/infwarerr/infwarerr.sty
Package: infwarerr 2019/12/03 v1.5 Providing info/warning/error messages (HO)
) (/Users/pukkalstrup/Library/TinyTeX/texmf-dist/tex/latex/grfext/grfext.sty
Package: grfext 2019/12/03 v1.3 Manage graphics extensions (HO)
 (/Users/pukkalstrup/Library/TinyTeX/texmf-dist/tex/generic/kvdefinekeys/kvdefinekeys.sty
Package: kvdefinekeys 2019-12-19 v1.6 Define keys (HO)
)) (/Users/pukkalstrup/Library/TinyTeX/texmf-dist/tex/latex/kvoptions/kvoptions.sty
Package: kvoptions 2022-06-15 v3.15 Key value format for package options (HO)
 (/Users/pukkalstrup/Library/TinyTeX/texmf-dist/tex/generic/ltxcmds/ltxcmds.sty
Package: ltxcmds 2023-12-04 v1.26 LaTeX kernel commands for general use (HO)
) (/Users/pukkalstrup/Library/TinyTeX/texmf-dist/tex/latex/kvsetkeys/kvsetkeys.sty
Package: kvsetkeys 2022-10-05 v1.19 Key value parser (HO)
)) (/Users/pukkalstrup/Library/TinyTeX/texmf-dist/tex/generic/pdftexcmds/pdftexcmds.sty
Package: pdftexcmds 2020-06-27 v0.33 Utility functions of pdfTeX for LuaTeX (HO)
 (/Users/pukkalstrup/Library/TinyTeX/texmf-dist/tex/generic/iftex/iftex.sty
Package: iftex 2024/12/12 v1.0g TeX engine tests
)
Package pdftexcmds Info: \pdf@primitive is available.
Package pdftexcmds Info: \pdf@ifprimitive is available.
Package pdftexcmds Info: \pdfdraftmode found.
) (/Users/pukkalstrup/Library/TinyTeX/texmf-dist/tex/latex/epstopdf-pkg/epstopdf-base.sty
Package: epstopdf-base 2020-01-24 v2.11 Base part for package epstopdf
Package epstopdf-base Info: Redefining graphics rule for `.eps' on input line 485.
Package grfext Info: Graphics extension search list:
(grfext)             [.pdf,.png,.jpg,.mps,.jpeg,.jbig2,.jb2,.PDF,.PNG,.JPG,.JPEG,.JBIG2,.JB2,.eps]
(grfext)             \AppendGraphicsExtensions on input line 504.
 (/Users/pukkalstrup/Library/TinyTeX/texmf-dist/tex/latex/latexconfig/epstopdf-sys.cfg
File: epstopdf-sys.cfg 2010/07/13 v1.3 Configuration of (r)epstopdf for TeX Live
))) (/Users/pukkalstrup/Library/TinyTeX/texmf-dist/tex/latex/l3backend/l3backend-pdftex.def
File: l3backend-pdftex.def 2025-04-14 L3 backend support: PDF output (pdfTeX)
\l__color_backend_stack_int=\count288
) (./P2.aux

LaTeX Warning: Label `fig:j06' multiply defined.


LaTeX Warning: Label `fig:j06' multiply defined.


LaTeX Warning: Label `fig:j06' multiply defined.


LaTeX Warning: Label `fig:j06' multiply defined.


LaTeX Warning: Label `fig:j06' multiply defined.

)
\openout1 = `P2.aux'.

LaTeX Font Info:    Checking defaults for OML/cmm/m/it on input line 37.
LaTeX Font Info:    ... okay on input line 37.
LaTeX Font Info:    Checking defaults for OMS/cmsy/m/n on input line 37.
LaTeX Font Info:    ... okay on input line 37.
LaTeX Font Info:    Checking defaults for OT1/cmr/m/n on input line 37.
LaTeX Font Info:    ... okay on input line 37.
LaTeX Font Info:    Checking defaults for T1/cmr/m/n on input line 37.
LaTeX Font Info:    ... okay on input line 37.
LaTeX Font Info:    Checking defaults for TS1/cmr/m/n on input line 37.
LaTeX Font Info:    ... okay on input line 37.
LaTeX Font Info:    Checking defaults for OMX/cmex/m/n on input line 37.
LaTeX Font Info:    ... okay on input line 37.
LaTeX Font Info:    Checking defaults for U/cmr/m/n on input line 37.
LaTeX Font Info:    ... okay on input line 37.
\c@lstlisting=\count289
LaTeX Font Info:    External font `cmex10' loaded for size
(Font)              <12> on input line 41.
LaTeX Font Info:    External font `cmex10' loaded for size
(Font)              <8> on input line 41.
LaTeX Font Info:    External font `cmex10' loaded for size
(Font)              <6> on input line 41.


[1

{/Users/pukkalstrup/Library/TinyTeX/texmf-var/fonts/map/pdftex/updmap/pdftex.map}] (./P2.toc
LaTeX Font Info:    External font `cmex10' loaded for size
(Font)              <7> on input line 2.
LaTeX Font Info:    External font `cmex10' loaded for size
(Font)              <5> on input line 2.


[2])
\tf@toc=\write3
\openout3 = `P2.toc'.



[3] (./Introduktion.tex)

[4] (./Statistical theory.tex (./Statistical theory/Probability space.tex
Underfull \hbox (badness 10000) in paragraph at lines 3--9

 []


Underfull \hbox (badness 10000) in paragraph at lines 10--19

 []


LaTeX Warning: Command \O invalid in math mode on input line 23.


LaTeX Warning: Command \O invalid in math mode on input line 28.

) (./random variabels.tex
Underfull \hbox (badness 10000) in paragraph at lines 20--1

 []


Underfull \hbox (badness 10000) in paragraph at lines 20--1

 []


Underfull \hbox (badness 10000) in paragraph at lines 3--6

 []



[5]
Underfull \hbox (badness 10000) in paragraph at lines 24--26

 []



[6]
Underfull \hbox (badness 10000) in paragraph at lines 28--31

 []



[7]
Underfull \hbox (badness 10000) in paragraph at lines 51--54

 []

) (./Estimator and estimates.tex
Underfull \hbox (badness 10000) in paragraph at lines 1--9

 []


Underfull \hbox (badness 10000) in paragraph at lines 10--14

 []


Underfull \hbox (badness 10000) in paragraph at lines 15--22

 []



[8]) (./Statistical theory/Probability distribution.tex
Underfull \hbox (badness 10000) in paragraph at lines 10--12

 []



[9]) (./Statistical theory/Statistical methods.tex

[10]
Underfull \hbox (badness 10000) in paragraph at lines 18--21

 []


Overfull \hbox (160.45001pt too wide) in paragraph at lines 22--28
\OML/cmm/m/it/10 http \OT1/cmr/m/n/10 : \OML/cmm/m/it/10 ==www:drhuang:com=science=mathematics=book=probability[]nd[]tatistics[]or[]ngineering[]nd[]he[]ciences:pdf$ 
 []



[11]
Underfull \hbox (badness 10000) in paragraph at lines 39--41

 []



[12]))

[13] (./Polynomial regression.tex (./Assumptions.tex

[14]

[15]))

[16]

[17] (./PRNG.tex

[18])

[19]

[20]

[21] (./intro til data.tex (/Users/pukkalstrup/Library/TinyTeX/texmf-dist/tex/latex/listings/lstlang1.sty
File: lstlang1.sty 2024/09/23 1.10c listings language file
) (/Users/pukkalstrup/Library/TinyTeX/texmf-dist/tex/latex/listings/lstlang2.sty
File: lstlang2.sty 2024/09/23 1.10c listings language file
) (/Users/pukkalstrup/Library/TinyTeX/texmf-dist/tex/latex/listings/lstlang3.sty
File: lstlang3.sty 2024/09/23 1.10c listings language file
) (./kode/intro.R

[22])
<billder/1.png, id=90, 867.24pt x 589.4522pt>
File: billder/1.png Graphic file (type png)
<use billder/1.png>
Package pdftex.def Info: billder/1.png  used on input line 35.
(pdftex.def)             Requested size: 398.33858pt x 270.74655pt.

Overfull \hbox (53.33858pt too wide) in paragraph at lines 35--36
 [][] 
 []


LaTeX Warning: `h' float specifier changed to `ht'.

<billder/2.png, id=91, 867.24pt x 589.4522pt>
File: billder/2.png Graphic file (type png)
<use billder/2.png>
Package pdftex.def Info: billder/2.png  used on input line 42.
(pdftex.def)             Requested size: 398.33858pt x 270.74655pt.

Overfull \hbox (53.33858pt too wide) in paragraph at lines 42--43
 [][] 
 []


LaTeX Warning: `h' float specifier changed to `ht'.

<billder/3.png, id=92, 867.24pt x 589.4522pt>
File: billder/3.png Graphic file (type png)
<use billder/3.png>
Package pdftex.def Info: billder/3.png  used on input line 48.
(pdftex.def)             Requested size: 398.33858pt x 270.74655pt.

Overfull \hbox (53.33858pt too wide) in paragraph at lines 48--49
 [][] 
 []


LaTeX Warning: `h' float specifier changed to `ht'.

)

[23]

[24 <./billder/1.png (PNG copy)>]

[25 <./billder/2.png>] (./montecarlobootstrap.tex (./kode/montecarlo bootstrapping.R

[26 <./billder/3.png>]

[27]

[28])
<billder/10.png, id=114, 1433.355pt x 753.5653pt>
File: billder/10.png Graphic file (type png)
<use billder/10.png>
Package pdftex.def Info: billder/10.png  used on input line 12.
(pdftex.def)             Requested size: 398.33858pt x 209.42155pt.

Overfull \hbox (53.33858pt too wide) in paragraph at lines 12--13
 [][] 
 []

) (./super syntetisk.tex

[29 <./billder/10.png>] (./kode/super syntetisk data_.R

[30]

[31])
<billder/4.png, id=126, 867.24pt x 589.4522pt>
File: billder/4.png Graphic file (type png)
<use billder/4.png>
Package pdftex.def Info: billder/4.png  used on input line 10.
(pdftex.def)             Requested size: 398.33858pt x 270.74655pt.

Overfull \hbox (53.33858pt too wide) in paragraph at lines 10--11
 [][] 
 []

<billder/5.png, id=127, 867.24pt x 589.4522pt>
File: billder/5.png Graphic file (type png)
<use billder/5.png>
Package pdftex.def Info: billder/5.png  used on input line 16.
(pdftex.def)             Requested size: 398.33858pt x 270.74655pt.

Overfull \hbox (53.33858pt too wide) in paragraph at lines 16--17
 [][] 
 []


LaTeX Warning: `h' float specifier changed to `ht'.

<billder/6.png, id=128, 867.24pt x 589.4522pt>
File: billder/6.png Graphic file (type png)
<use billder/6.png>
Package pdftex.def Info: billder/6.png  used on input line 22.
(pdftex.def)             Requested size: 398.33858pt x 270.74655pt.

Overfull \hbox (53.33858pt too wide) in paragraph at lines 22--23
 [][] 
 []


LaTeX Warning: `h' float specifier changed to `ht'.

<billder/7.png, id=129, 867.24pt x 589.4522pt>
File: billder/7.png Graphic file (type png)
<use billder/7.png>
Package pdftex.def Info: billder/7.png  used on input line 28.
(pdftex.def)             Requested size: 398.33858pt x 270.74655pt.

Overfull \hbox (53.33858pt too wide) in paragraph at lines 28--29
 [][] 
 []


LaTeX Warning: `h' float specifier changed to `ht'.

<billder/8.png, id=130, 867.24pt x 589.4522pt>
File: billder/8.png Graphic file (type png)
<use billder/8.png>
Package pdftex.def Info: billder/8.png  used on input line 35.
(pdftex.def)             Requested size: 398.33858pt x 270.74655pt.

Overfull \hbox (53.33858pt too wide) in paragraph at lines 35--36
 [][] 
 []


LaTeX Warning: `h' float specifier changed to `ht'.

)

[32 <./billder/4.png>]

[33 <./billder/5.png>]

[34 <./billder/6.png>]

[35 <./billder/7.png>]

[36 <./billder/8.png>] (./P2.aux)
 ***********
LaTeX2e <2024-11-01> patch level 2
L3 programming layer <2025-04-14>
 ***********


LaTeX Warning: There were multiply-defined labels.

 ) 
Here is how much of TeX's memory you used:
 4798 strings out of 471589
 72779 string characters out of 5519674
 991223 words of memory out of 5000000
 31294 multiletter control sequences out of 15000+600000
 632394 words of font info for 59 fonts, out of 8000000 for 9000
 14 hyphenation exceptions out of 8191
 57i,10n,65p,1049b,2452s stack positions out of 10000i,1000n,20000p,200000b,200000s
 </Users/pukkalstrup/Library/TinyTeX/texmf-var/fonts/pk/ljfour/jknappen/ec/tctt0800.600pk> </Users/pukkalstrup/Library/TinyTeX/texmf-var/fonts/pk/ljfour/jknappen/ec/tcrm1000.600pk></Users/pukkalstrup/Library/TinyTeX/texmf-dist/fonts/type1/public/amsfonts/cm/cmbx10.pfb></Users/pukkalstrup/Library/TinyTeX/texmf-dist/fonts/type1/public/amsfonts/cm/cmbx12.pfb></Users/pukkalstrup/Library/TinyTeX/texmf-dist/fonts/type1/public/amsfonts/cm/cmex10.pfb></Users/pukkalstrup/Library/TinyTeX/texmf-dist/fonts/type1/public/amsfonts/cm/cmmi10.pfb></Users/pukkalstrup/Library/TinyTeX/texmf-dist/fonts/type1/public/amsfonts/cm/cmmi5.pfb></Users/pukkalstrup/Library/TinyTeX/texmf-dist/fonts/type1/public/amsfonts/cm/cmmi7.pfb></Users/pukkalstrup/Library/TinyTeX/texmf-dist/fonts/type1/public/amsfonts/cm/cmr10.pfb></Users/pukkalstrup/Library/TinyTeX/texmf-dist/fonts/type1/public/amsfonts/cm/cmr12.pfb></Users/pukkalstrup/Library/TinyTeX/texmf-dist/fonts/type1/public/amsfonts/cm/cmr17.pfb></Users/pukkalstrup/Library/TinyTeX/texmf-dist/fonts/type1/public/amsfonts/cm/cmr5.pfb></Users/pukkalstrup/Library/TinyTeX/texmf-dist/fonts/type1/public/amsfonts/cm/cmr7.pfb></Users/pukkalstrup/Library/TinyTeX/texmf-dist/fonts/type1/public/amsfonts/cm/cmsy10.pfb></Users/pukkalstrup/Library/TinyTeX/texmf-dist/fonts/type1/public/amsfonts/cm/cmsy5.pfb></Users/pukkalstrup/Library/TinyTeX/texmf-dist/fonts/type1/public/amsfonts/cm/cmsy7.pfb></Users/pukkalstrup/Library/TinyTeX/texmf-dist/fonts/type1/public/amsfonts/cm/cmti10.pfb></Users/pukkalstrup/Library/TinyTeX/texmf-dist/fonts/type1/public/amsfonts/cm/cmtt8.pfb>
Output written on P2.pdf (36 pages, 498202 bytes).
PDF statistics:
 227 PDF objects out of 1000 (max. 8388607)
 136 compressed objects within 2 object streams
 0 named destinations out of 1000 (max. 500000)
 46 words of extra memory for PDF output out of 10000 (max. 10000000)

