\BOOKMARK [0][-]{label:frontpage.0}{\376\377\000F\000r\000o\000n\000t\000\040\000p\000a\000g\000e}{}% 1
\BOOKMARK [0][-]{titlepage.0}{\376\377\000T\000i\000t\000l\000e\000p\000a\000g\000e}{}% 2
\BOOKMARK [1][-]{section.1}{\376\377\000I\000n\000t\000r\000o\000d\000u\000c\000t\000i\000o\000n}{titlepage.0}% 3
\BOOKMARK [1][-]{section.2}{\376\377\000P\000r\000o\000b\000l\000e\000m\000\040\000A\000n\000a\000l\000y\000s\000i\000s}{titlepage.0}% 4
\BOOKMARK [2][-]{subsection.2.1}{\376\377\000P}{section.2}% 5
\BOOKMARK [2][-]{subsection.2.2}{\376\377\000A\000s\000s\000u\000m\000p\000t\000i\000o\000n\000s}{section.2}% 6
\BOOKMARK [1][-]{section.3}{\376\377\000R\000e\000a\000l\000\040\000w\000o\000r\000l\000d\000\040\000d\000a\000t\000a\000\040\000e\000x\000a\000m\000p\000l\000e}{titlepage.0}% 7
\BOOKMARK [1][-]{section.4}{\376\377\000B\000a\000c\000k\000g\000r\000o\000u\000n\000d}{titlepage.0}% 8
\BOOKMARK [2][-]{subsection.4.1}{\376\377\000S\000t\000a\000t\000i\000s\000t\000i\000c\000a\000l\000\040\000t\000h\000e\000o\000r\000y}{section.4}% 9
\BOOKMARK [3][-]{subsubsection.4.1.1}{\376\377\000P\000r\000o\000b\000a\000b\000i\000l\000i\000t\000y\000\040\000s\000p\000a\000c\000e}{subsection.4.1}% 10
\BOOKMARK [3][-]{subsubsection.4.1.2}{\376\377\000R\000a\000n\000d\000o\000m\000\040\000v\000a\000r\000i\000a\000b\000l\000e\000s}{subsection.4.1}% 11
\BOOKMARK [3][-]{subsubsection.4.1.3}{\376\377\000D\000i\000s\000c\000r\000e\000t\000e\000\040\000r\000a\000n\000d\000o\000m\000\040\000v\000a\000r\000i\000a\000b\000l\000e}{subsection.4.1}% 12
\BOOKMARK [3][-]{subsubsection.4.1.4}{\376\377\000C\000o\000n\000t\000i\000n\000u\000o\000u\000s\000\040\000r\000a\000n\000d\000o\000m\000\040\000v\000a\000r\000i\000a\000b\000l\000e}{subsection.4.1}% 13
\BOOKMARK [3][-]{subsubsection.4.1.5}{\376\377\000E\000s\000t\000i\000m\000a\000t\000o\000r\000\040\000a\000n\000d\000\040\000e\000s\000t\000i\000m\000a\000t\000e\000s}{subsection.4.1}% 14
\BOOKMARK [3][-]{subsubsection.4.1.6}{\376\377\000P\000r\000o\000b\000a\000b\000i\000l\000i\000t\000y\000\040\000d\000i\000s\000t\000r\000i\000b\000u\000t\000i\000o\000n}{subsection.4.1}% 15
\BOOKMARK [3][-]{subsubsection.4.1.7}{\376\377\000N\000o\000r\000m\000a\000l\000\040\000d\000i\000s\000t\000r\000i\000b\000u\000t\000i\000o\000n}{subsection.4.1}% 16
\BOOKMARK [3][-]{subsubsection.4.1.8}{\376\377\000T\000h\000e\000\040\000c\000e\000n\000t\000r\000a\000l\000\040\000l\000i\000m\000i\000t\000\040\000t\000h\000e\000o\000r\000e\000m}{subsection.4.1}% 17
\BOOKMARK [3][-]{subsubsection.4.1.9}{\376\377\000T\000h\000e\000\040\000t\000-\000d\000i\000s\000t\000r\000i\000b\000u\000t\000i\000o\000n}{subsection.4.1}% 18
\BOOKMARK [3][-]{subsubsection.4.1.10}{\376\377\000S\000t\000a\000t\000i\000s\000t\000i\000c\000a\000l\000\040\000m\000e\000t\000h\000o\000d\000s}{subsection.4.1}% 19
\BOOKMARK [3][-]{subsubsection.4.1.11}{\376\377\000C\000o\000n\000f\000i\000d\000e\000n\000c\000e\000\040\000i\000n\000t\000e\000r\000v\000a\000l\000s}{subsection.4.1}% 20
\BOOKMARK [3][-]{subsubsection.4.1.12}{\376\377\000H\000y\000p\000o\000t\000h\000e\000s\000i\000s\000\040\000t\000e\000s\000t\000i\000n\000g}{subsection.4.1}% 21
\BOOKMARK [2][-]{subsection.4.2}{\376\377\000P\000o\000l\000y\000n\000o\000m\000i\000a\000l\000\040\000r\000e\000g\000r\000e\000s\000s\000i\000o\000n}{section.4}% 22
\BOOKMARK [3][-]{subsubsection.4.2.1}{\376\377\000P\000o\000l\000y\000n\000o\000m\000i\000a\000l\000\040\000R\000e\000g\000r\000e\000s\000s\000i\000o\000n}{subsection.4.2}% 23
\BOOKMARK [3][-]{subsubsection.4.2.2}{\376\377\000T\000h\000e\000\040\000m\000e\000t\000h\000o\000d\000\040\000o\000f\000\040\000l\000e\000a\000s\000t\000\040\000s\000q\000u\000a\000r\000e\000s}{subsection.4.2}% 24
\BOOKMARK [3][-]{subsubsection.4.2.3}{\376\377\000L\000i\000n\000e\000a\000r\000\040\000m\000o\000d\000e\000l\000s}{subsection.4.2}% 25
\BOOKMARK [3][-]{subsubsection.4.2.4}{\376\377\000P\000o\000l\000y\000n\000o\000m\000i\000a\000l\000\040\000r\000e\000g\000r\000e\000s\000s\000i\000o\000n}{subsection.4.2}% 26
\BOOKMARK [3][-]{subsubsection.4.2.5}{\376\377\000A\000s\000s\000u\000m\000p\000t\000i\000o\000n\000s}{subsection.4.2}% 27
\BOOKMARK [3][-]{subsubsection.4.2.6}{\376\377\000H\000o\000m\000o\000s\000c\000e\000d\000a\000s\000t\000i\000c\000i\000t\000y}{subsection.4.2}% 28
\BOOKMARK [3][-]{subsubsection.4.2.7}{\376\377\000N\000o\000\040\000m\000u\000l\000t\000i\000c\000o\000l\000l\000i\000n\000e\000a\000r\000i\000t\000y}{subsection.4.2}% 29
\BOOKMARK [2][-]{subsection.4.3}{\376\377\000P\000R\000N\000G}{section.4}% 30
\BOOKMARK [3][-]{subsubsection.4.3.1}{\376\377\000P\000r\000o\000p\000e\000r\000t\000i\000e\000s\000\040\000o\000f\000\040\000P\000R\000N\000G\000s}{subsection.4.3}% 31
\BOOKMARK [3][-]{subsubsection.4.3.2}{\376\377\000L\000i\000n\000e\000a\000r\000\040\000C\000o\000n\000g\000r\000u\000e\000n\000t\000i\000a\000l\000\040\000G\000e\000n\000e\000r\000a\000t\000o\000r}{subsection.4.3}% 32
\BOOKMARK [3][-]{subsubsection.4.3.3}{\376\377\000T\000e\000s\000t\000\040\000o\000f\000\040\000P\000R\000N\000G}{subsection.4.3}% 33
\BOOKMARK [2][-]{subsection.4.4}{\376\377\000T\000h\000e\000\040\000B\000o\000o\000t\000s\000t\000r\000a\000p\000\040\000w\000i\000t\000h\000\040\000t\000h\000e\000\040\000M\000o\000n\000t\000e\000\040\000C\000a\000r\000l\000o\000\040\000P\000r\000i\000n\000c\000i\000p\000l\000e}{section.4}% 34
\BOOKMARK [3][-]{subsubsection.4.4.1}{\376\377\000R\000e\000s\000a\000m\000p\000l\000i\000n\000g}{subsection.4.4}% 35
\BOOKMARK [3][-]{subsubsection.4.4.2}{\376\377\000M\000e\000t\000h\000o\000d}{subsection.4.4}% 36
\BOOKMARK [3][-]{subsubsection.4.4.3}{\376\377\000M\000o\000n\000t\000e\000\040\000C\000a\000r\000l\000o\000\040\000P\000r\000i\000n\000c\000i\000p\000l\000e}{subsection.4.4}% 37
\BOOKMARK [3][-]{subsubsection.4.4.4}{\376\377\000P\000a\000r\000a\000m\000e\000t\000r\000i\000c\000\040\000a\000n\000d\000\040\000n\000o\000n\000p\000a\000r\000a\000m\000e\000t\000r\000i\000c\000\040\000b\000o\000o\000t\000s\000t\000r\000a\000p}{subsection.4.4}% 38
\BOOKMARK [2][-]{subsection.4.5}{\376\377\000m\000e\000t\000r\000i\000c\000s}{section.4}% 39
\BOOKMARK [3][-]{subsubsection.4.5.1}{\376\377\000R\000-\000S\000q\000u\000a\000r\000e\000d}{subsection.4.5}% 40
\BOOKMARK [3][-]{subsubsection.4.5.2}{\376\377\000M\000e\000a\000n\000\040\000B\000i\000a\000s\000\040\000E\000r\000r\000o\000r}{subsection.4.5}% 41
\BOOKMARK [3][-]{subsubsection.4.5.3}{\376\377\000R\000o\000o\000t\000\040\000M\000e\000a\000n\000\040\000S\000q\000u\000a\000r\000e\000\040\000E\000r\000r\000o\000r}{subsection.4.5}% 42
\BOOKMARK [3][-]{subsubsection.4.5.4}{\376\377\000B\000i\000a\000s\000-\000V\000a\000r\000i\000a\000n\000c\000e}{subsection.4.5}% 43
\BOOKMARK [3][-]{subsubsection.4.5.5}{\376\377\000V\000a\000r\000i\000a\000n\000c\000e}{subsection.4.5}% 44
\BOOKMARK [3][-]{subsubsection.4.5.6}{\376\377\000B\000i\000a\000s}{subsection.4.5}% 45
\BOOKMARK [3][-]{subsubsection.4.5.7}{\376\377\000C\000o\000n\000f\000i\000d\000e\000n\000c\000e\000\040\000I\000n\000t\000e\000r\000v\000a\000l\000s}{subsection.4.5}% 46
\BOOKMARK [2][-]{subsection.4.6}{\376\377\000P\000r\000o\000b\000l\000e\000m\000\040\000S\000t\000a\000t\000e\000m\000e\000n\000t}{section.4}% 47
\BOOKMARK [1][-]{section.5}{\376\377\000C\000o\000m\000p\000a\000r\000i\000s\000o\000n\000\040\000b\000e\000t\000w\000e\000e\000n\000\040\000R\000e\000g\000r\000e\000s\000s\000i\000o\000n\000s}{titlepage.0}% 48
\BOOKMARK [2][-]{subsection.5.1}{\376\377\000S\000e\000t\000t\000i\000n\000g\000\040\000u\000p\000\040\000t\000h\000e\000\040\000m\000o\000d\000e\000l\000s}{section.5}% 49
\BOOKMARK [2][-]{subsection.5.2}{\376\377\000R\000e\000s\000u\000l\000t\000s}{section.5}% 50
\BOOKMARK [1][-]{section.6}{\376\377\000D\000i\000s\000c\000u\000s\000s\000i\000o\000n}{titlepage.0}% 51
\BOOKMARK [2][-]{subsection.6.1}{\376\377\000A\000s\000s\000u\000m\000p\000t\000i\000o\000n\000\040\000v\000i\000o\000l\000a\000t\000i\000o\000n\000s\000\040\000a\000n\000d\000\040\000i\000m\000p\000l\000i\000c\000a\000t\000i\000o\000n\000s}{section.6}% 52
\BOOKMARK [2][-]{subsection.6.2}{\376\377\000B\000o\000o\000t\000s\000t\000r\000a\000p\000p\000i\000n\000g\000\040\000a\000s\000\040\000a\000\040\000S\000o\000l\000u\000t\000i\000o\000n}{section.6}% 53
\BOOKMARK [2][-]{subsection.6.3}{\376\377\000A\000l\000t\000e\000r\000n\000a\000t\000i\000v\000e\000\040\000a\000p\000p\000r\000o\000a\000c\000h\000e\000s\000\040\000a\000n\000d\000\040\000t\000h\000e\000i\000r\000\040\000l\000i\000m\000i\000t\000a\000t\000i\000o\000n\000s}{section.6}% 54
\BOOKMARK [2][-]{subsection.6.4}{\376\377\000S\000t\000r\000e\000n\000g\000t\000h\000s\000\040\000a\000n\000d\000\040\000l\000i\000m\000i\000t\000s\000\040\000o\000f\000\040\000b\000o\000o\000t\000s\000t\000r\000a\000p\000p\000i\000n\000g}{section.6}% 55
\BOOKMARK [1][-]{section.7}{\376\377\000C\000o\000n\000c\000l\000u\000s\000i\000o\000n}{titlepage.0}% 56
\BOOKMARK [1][-]{section.8}{\376\377\000L\000i\000t\000t\000e\000r\000a\000t\000u\000r}{titlepage.0}% 57
\BOOKMARK [1][-]{section.9}{\376\377\000l\000a\000t\000e\000x\000t\000a\000b\000l\000e\000s}{titlepage.0}% 58
