\BOOKMARK [0][-]{label:frontpage.0}{\376\377\000F\000r\000o\000n\000t\000\040\000p\000a\000g\000e}{}% 1
\BOOKMARK [0][-]{titlepage.0}{\376\377\000T\000i\000t\000l\000e\000p\000a\000g\000e}{}% 2
\BOOKMARK [1][-]{section.1}{\376\377\000I\000n\000t\000r\000o\000d\000u\000c\000t\000i\000o\000n}{titlepage.0}% 3
\BOOKMARK [1][-]{section.2}{\376\377\000P\000r\000o\000b\000l\000e\000m\000\040\000A\000n\000a\000l\000y\000s\000i\000s}{titlepage.0}% 4
\BOOKMARK [2][-]{subsection.2.1}{\376\377\000A\000s\000s\000u\000m\000p\000t\000i\000o\000n\000s\000\040\000f\000o\000r\000\040\000r\000e\000g\000r\000e\000s\000s\000i\000o\000n\000\040\000m\000o\000d\000e\000l\000s}{section.2}% 5
\BOOKMARK [3][-]{subsubsection.2.1.1}{\376\377\000D\000a\000t\000a\000\040\000f\000r\000o\000m\000\040\000r\000e\000a\000l\000-\000l\000i\000f\000e}{subsection.2.1}% 6
\BOOKMARK [1][-]{section.3}{\376\377\000T\000h\000e\000o\000r\000e\000t\000i\000c\000a\000l\000\040\000B\000a\000c\000k\000g\000r\000o\000u\000n\000d}{titlepage.0}% 7
\BOOKMARK [2][-]{subsection.3.1}{\376\377\000P\000r\000o\000b\000a\000b\000i\000l\000i\000t\000y\000\040\000s\000p\000a\000c\000e}{section.3}% 8
\BOOKMARK [2][-]{subsection.3.2}{\376\377\000R\000a\000n\000d\000o\000m\000\040\000v\000a\000r\000i\000a\000b\000l\000e\000s}{section.3}% 9
\BOOKMARK [3][-]{subsubsection.3.2.1}{\376\377\000D\000i\000s\000c\000r\000e\000t\000e\000\040\000r\000a\000n\000d\000o\000m\000\040\000v\000a\000r\000i\000a\000b\000l\000e}{subsection.3.2}% 10
\BOOKMARK [3][-]{subsubsection.3.2.2}{\376\377\000C\000o\000n\000t\000i\000n\000u\000o\000u\000s\000\040\000r\000a\000n\000d\000o\000m\000\040\000v\000a\000r\000i\000a\000b\000l\000e}{subsection.3.2}% 11
\BOOKMARK [2][-]{subsection.3.3}{\376\377\000E\000s\000t\000i\000m\000a\000t\000o\000r\000\040\000a\000n\000d\000\040\000e\000s\000t\000i\000m\000a\000t\000e\000s}{section.3}% 12
\BOOKMARK [2][-]{subsection.3.4}{\376\377\000P\000r\000o\000b\000a\000b\000i\000l\000i\000t\000y\000\040\000d\000i\000s\000t\000r\000i\000b\000u\000t\000i\000o\000n}{section.3}% 13
\BOOKMARK [3][-]{subsubsection.3.4.1}{\376\377\000N\000o\000r\000m\000a\000l\000\040\000d\000i\000s\000t\000r\000i\000b\000u\000t\000i\000o\000n}{subsection.3.4}% 14
\BOOKMARK [3][-]{subsubsection.3.4.2}{\376\377\000T\000h\000e\000\040\000c\000e\000n\000t\000r\000a\000l\000\040\000l\000i\000m\000i\000t\000\040\000t\000h\000e\000o\000r\000e\000m}{subsection.3.4}% 15
\BOOKMARK [3][-]{subsubsection.3.4.3}{\376\377\000T\000h\000e\000\040\000t\000-\000d\000i\000s\000t\000r\000i\000b\000u\000t\000i\000o\000n}{subsection.3.4}% 16
\BOOKMARK [2][-]{subsection.3.5}{\376\377\000S\000t\000a\000t\000i\000s\000t\000i\000c\000a\000l\000\040\000m\000e\000t\000h\000o\000d\000s}{section.3}% 17
\BOOKMARK [3][-]{subsubsection.3.5.1}{\376\377\000C\000o\000n\000f\000i\000d\000e\000n\000c\000e\000\040\000i\000n\000t\000e\000r\000v\000a\000l\000s}{subsection.3.5}% 18
\BOOKMARK [3][-]{subsubsection.3.5.2}{\376\377\000H\000y\000p\000o\000t\000h\000e\000s\000i\000s\000\040\000t\000e\000s\000t\000i\000n\000g}{subsection.3.5}% 19
\BOOKMARK [2][-]{subsection.3.6}{\376\377\000R\000e\000g\000r\000e\000s\000s\000i\000o\000n\000\040\000m\000o\000d\000e\000l}{section.3}% 20
\BOOKMARK [3][-]{subsubsection.3.6.1}{\376\377\000P\000o\000l\000y\000n\000o\000m\000i\000a\000l\000\040\000R\000e\000g\000r\000e\000s\000s\000i\000o\000n}{subsection.3.6}% 21
\BOOKMARK [3][-]{subsubsection.3.6.2}{\376\377\000T\000h\000e\000\040\000m\000e\000t\000h\000o\000d\000\040\000o\000f\000\040\000l\000e\000a\000s\000t\000\040\000s\000q\000u\000a\000r\000e\000s}{subsection.3.6}% 22
\BOOKMARK [3][-]{subsubsection.3.6.3}{\376\377\000L\000i\000n\000e\000a\000r\000\040\000m\000o\000d\000e\000l\000s}{subsection.3.6}% 23
\BOOKMARK [3][-]{subsubsection.3.6.4}{\376\377\000P\000o\000l\000y\000n\000o\000m\000i\000a\000l\000\040\000r\000e\000g\000r\000e\000s\000s\000i\000o\000n}{subsection.3.6}% 24
\BOOKMARK [3][-]{subsubsection.3.6.5}{\376\377\000A\000s\000s\000u\000m\000p\000t\000i\000o\000n\000s}{subsection.3.6}% 25
\BOOKMARK [3][-]{subsubsection.3.6.6}{\376\377\000H\000o\0